[18.10.2022 00:38:00 ] [INFO] [main] [<module>: 6] => Start
[18.10.2022 00:38:07 ] [INFO] [view] [ls_menu: 21] => The user has selected item number 1
[18.10.2022 00:38:49 ] [INFO] [view] [ls_menu: 25] => The user has selected item number 2
[18.10.2022 00:38:53 ] [INFO] [view] [ls_menu: 27] => User entered: {search}
[18.10.2022 12:43:36 ] [INFO] [main] [<module>: 6] => Start
[18.10.2022 12:43:47 ] [INFO] [view] [ls_menu: 21] => The user has selected item number 1
[18.10.2022 12:44:27 ] [INFO] [view] [ls_menu: 130] => End
[18.10.2022 12:48:59 ] [INFO] [main] [<module>: 6] => Start
[18.10.2022 12:49:01 ] [INFO] [view] [ls_menu: 21] => The user has selected item number 1
[18.10.2022 12:49:48 ] [INFO] [main] [<module>: 6] => Start
[18.10.2022 12:49:50 ] [INFO] [view] [ls_menu: 21] => The user has selected item number 1
[18.10.2022 12:50:10 ] [INFO] [main] [<module>: 6] => Start
[18.10.2022 12:50:11 ] [INFO] [view] [ls_menu: 21] => The user has selected item number 1
[18.10.2022 12:51:41 ] [WARNING] [view] [ñheck_number: 145] => User entered an invalid menu value: & C:/Users/nj86/AppData/Local/Microsoft/WindowsApps/python3.10.exe "d:/Äîìàøíåå çàäàíèå GeekBrains/GB_py_SEM8-employee_files-/GB_py_SEM8-employee_files-/main.py"
[18.10.2022 12:51:44 ] [INFO] [view] [ls_menu: 21] => The user has selected item number 1
[18.10.2022 12:52:04 ] [INFO] [view] [ls_menu: 21] => The user has selected item number 1
[18.10.2022 12:52:17 ] [INFO] [view] [ls_menu: 133] => End
[18.10.2022 12:52:29 ] [INFO] [main] [<module>: 6] => Start
[18.10.2022 12:52:31 ] [INFO] [view] [ls_menu: 21] => The user has selected item number 1
[18.10.2022 12:53:03 ] [INFO] [main] [<module>: 6] => Start
[18.10.2022 12:53:05 ] [INFO] [view] [ls_menu: 21] => The user has selected item number 1
[18.10.2022 12:53:58 ] [WARNING] [view] [ñheck_number: 146] => User entered an invalid menu value: & C:/Users/nj86/AppData/Local/Microsoft/WindowsApps/python3.10.exe "d:/Äîìàøíåå çàäàíèå GeekBrains/GB_py_SEM8-employee_files-/GB_py_SEM8-employee_files-/main.py"
[18.10.2022 12:54:01 ] [INFO] [view] [ls_menu: 21] => The user has selected item number 1
[18.10.2022 12:54:14 ] [INFO] [view] [ls_menu: 134] => End
[18.10.2022 12:56:18 ] [INFO] [main] [<module>: 6] => Start
[18.10.2022 12:56:20 ] [INFO] [view] [ls_menu: 21] => The user has selected item number 1
[18.10.2022 12:57:44 ] [WARNING] [view] [ñheck_number: 146] => User entered an invalid menu value: & C:/Users/nj86/AppData/Local/Microsoft/WindowsApps/python3.10.exe "d:/Äîìàøíåå çàäàíèå GeekBrains/GB_py_SEM8-employee_files-/GB_py_SEM8-employee_files-/main.py"
[18.10.2022 12:57:47 ] [INFO] [view] [ls_menu: 21] => The user has selected item number 1
[18.10.2022 13:01:01 ] [WARNING] [view] [ñheck_number: 146] => User entered an invalid menu value: & C:/Users/nj86/AppData/Local/Microsoft/WindowsApps/python3.10.exe "d:/Äîìàøíåå çàäàíèå GeekBrains/GB_py_SEM8-employee_files-/GB_py_SEM8-employee_files-/main.py"
[18.10.2022 13:01:09 ] [INFO] [view] [ls_menu: 21] => The user has selected item number 1
[18.10.2022 13:01:23 ] [INFO] [view] [ls_menu: 21] => The user has selected item number 1
[18.10.2022 13:01:50 ] [INFO] [view] [ls_menu: 134] => End
[18.10.2022 13:05:30 ] [INFO] [main] [<module>: 6] => Start
[18.10.2022 13:05:35 ] [INFO] [view] [ls_menu: 22] => The user has selected item number 1
[18.10.2022 13:07:13 ] [INFO] [view] [ls_menu: 22] => The user has selected item number 1
[18.10.2022 13:07:24 ] [INFO] [view] [ls_menu: 135] => End
[18.10.2022 13:07:27 ] [INFO] [main] [<module>: 6] => Start
[18.10.2022 13:07:29 ] [INFO] [view] [ls_menu: 22] => The user has selected item number 1
[18.10.2022 13:07:47 ] [INFO] [view] [ls_menu: 135] => End
[18.10.2022 13:08:14 ] [INFO] [main] [<module>: 6] => Start
[18.10.2022 13:08:16 ] [INFO] [view] [ls_menu: 22] => The user has selected item number 1
[18.10.2022 13:08:34 ] [INFO] [view] [ls_menu: 135] => End
[18.10.2022 13:09:17 ] [INFO] [main] [<module>: 6] => Start
[18.10.2022 13:09:19 ] [INFO] [view] [ls_menu: 22] => The user has selected item number 1
[18.10.2022 13:09:29 ] [INFO] [view] [ls_menu: 135] => End
[18.10.2022 13:12:47 ] [INFO] [main] [<module>: 6] => Start
[18.10.2022 13:12:49 ] [INFO] [view] [ls_menu: 22] => The user has selected item number 1
[18.10.2022 13:13:05 ] [INFO] [view] [ls_menu: 135] => End
[18.10.2022 13:13:26 ] [INFO] [main] [<module>: 6] => Start
[18.10.2022 13:13:28 ] [INFO] [view] [ls_menu: 22] => The user has selected item number 1
[18.10.2022 13:13:53 ] [INFO] [view] [ls_menu: 31] => The user has selected item number 2
[18.10.2022 13:14:01 ] [INFO] [view] [ls_menu: 33] => User entered: Ivanov
[18.10.2022 13:14:17 ] [INFO] [view] [ls_menu: 136] => End
[18.10.2022 13:15:18 ] [INFO] [main] [<module>: 6] => Start
[18.10.2022 13:15:22 ] [INFO] [view] [ls_menu: 31] => The user has selected item number 2
[18.10.2022 13:15:27 ] [INFO] [view] [ls_menu: 33] => User entered: Ivanov
[18.10.2022 13:15:37 ] [INFO] [view] [ls_menu: 43] => The user has selected item number 3
[18.10.2022 13:15:51 ] [INFO] [view] [ls_menu: 45] => User entered: English teacher
[18.10.2022 13:16:13 ] [INFO] [view] [ls_menu: 43] => The user has selected item number 3
[18.10.2022 13:16:31 ] [INFO] [view] [ls_menu: 45] => User entered: German
[18.10.2022 13:16:35 ] [INFO] [view] [ls_menu: 43] => The user has selected item number 3
[18.10.2022 13:17:57 ] [INFO] [view] [ls_menu: 45] => User entered: 8
[18.10.2022 13:17:57 ] [WARNING] [view] [ñheck_number: 153] => User entered an invalid menu value: 
[18.10.2022 13:18:03 ] [INFO] [view] [ls_menu: 141] => End
[18.10.2022 13:19:16 ] [INFO] [main] [<module>: 6] => Start
[18.10.2022 13:19:22 ] [INFO] [view] [ls_menu: 43] => The user has selected item number 3
[18.10.2022 13:19:34 ] [INFO] [view] [ls_menu: 45] => User entered: teacher of history
[18.10.2022 13:19:40 ] [INFO] [view] [ls_menu: 43] => The user has selected item number 3
[18.10.2022 13:19:49 ] [INFO] [view] [ls_menu: 45] => User entered: English teacher
[18.10.2022 13:20:33 ] [INFO] [view] [ls_menu: 43] => The user has selected item number 3
[18.10.2022 13:20:53 ] [INFO] [view] [ls_menu: 45] => User entered: English teacher
[18.10.2022 13:21:00 ] [INFO] [view] [ls_menu: 43] => The user has selected item number 3
[18.10.2022 13:21:06 ] [INFO] [view] [ls_menu: 45] => User entered: english teacher
[18.10.2022 13:21:20 ] [WARNING] [view] [ñheck_number: 153] => User entered an invalid menu value: teacher of math
[18.10.2022 13:21:23 ] [INFO] [view] [ls_menu: 43] => The user has selected item number 3
[18.10.2022 13:21:30 ] [INFO] [view] [ls_menu: 45] => User entered: teacher of math
[18.10.2022 13:21:43 ] [INFO] [view] [ls_menu: 43] => The user has selected item number 3
[18.10.2022 13:21:51 ] [INFO] [view] [ls_menu: 45] => User entered: Methodist
[18.10.2022 13:21:58 ] [INFO] [view] [ls_menu: 141] => End
[18.10.2022 13:26:23 ] [INFO] [main] [<module>: 6] => Start
[18.10.2022 13:26:24 ] [INFO] [view] [ls_menu: 43] => The user has selected item number 3
[18.10.2022 13:26:34 ] [INFO] [view] [ls_menu: 45] => User entered: English teacher
[18.10.2022 13:26:49 ] [WARNING] [view] [ñheck_number: 153] => User entered an invalid menu value: teacher of math
[18.10.2022 13:26:52 ] [INFO] [view] [ls_menu: 43] => The user has selected item number 3
[18.10.2022 13:26:58 ] [INFO] [view] [ls_menu: 45] => User entered: teacher of math
[18.10.2022 13:27:03 ] [INFO] [view] [ls_menu: 43] => The user has selected item number 3
[18.10.2022 13:27:14 ] [INFO] [view] [ls_menu: 45] => User entered: methodist
[18.10.2022 13:27:17 ] [INFO] [view] [ls_menu: 43] => The user has selected item number 3
[18.10.2022 13:27:22 ] [INFO] [view] [ls_menu: 45] => User entered: Methodist
[18.10.2022 13:27:34 ] [INFO] [view] [ls_menu: 141] => End
[18.10.2022 13:30:32 ] [INFO] [main] [<module>: 6] => Start
[18.10.2022 13:30:36 ] [INFO] [view] [ls_menu: 43] => The user has selected item number 3
[18.10.2022 13:30:44 ] [INFO] [view] [ls_menu: 45] => User entered: english teacher
[18.10.2022 13:30:52 ] [INFO] [view] [ls_menu: 22] => The user has selected item number 1
[18.10.2022 13:30:59 ] [INFO] [view] [ls_menu: 141] => End
[18.10.2022 13:31:30 ] [INFO] [main] [<module>: 6] => Start
[18.10.2022 13:31:32 ] [INFO] [view] [ls_menu: 43] => The user has selected item number 3
[18.10.2022 13:31:41 ] [INFO] [view] [ls_menu: 45] => User entered: english teacer
[18.10.2022 13:31:54 ] [WARNING] [view] [ñheck_number: 153] => User entered an invalid menu value: teacher of math
[18.10.2022 13:31:56 ] [INFO] [view] [ls_menu: 43] => The user has selected item number 3
[18.10.2022 13:32:03 ] [INFO] [view] [ls_menu: 45] => User entered: teacher of math
[18.10.2022 13:32:13 ] [INFO] [view] [ls_menu: 43] => The user has selected item number 3
[18.10.2022 13:32:20 ] [INFO] [view] [ls_menu: 45] => User entered: English teacher
[18.10.2022 13:32:23 ] [INFO] [view] [ls_menu: 43] => The user has selected item number 3
[18.10.2022 13:32:30 ] [INFO] [view] [ls_menu: 45] => User entered: english teacher
[18.10.2022 13:32:33 ] [INFO] [view] [ls_menu: 43] => The user has selected item number 3
[18.10.2022 13:35:32 ] [INFO] [view] [ls_menu: 45] => User entered: german teacher
[18.10.2022 13:35:45 ] [INFO] [view] [ls_menu: 43] => The user has selected item number 3
[18.10.2022 13:35:55 ] [INFO] [view] [ls_menu: 45] => User entered: spanish teacher
[18.10.2022 13:36:01 ] [INFO] [view] [ls_menu: 43] => The user has selected item number 3
[18.10.2022 13:36:08 ] [INFO] [view] [ls_menu: 45] => User entered: Spanish teacher
[18.10.2022 13:36:13 ] [INFO] [view] [ls_menu: 141] => End
[18.10.2022 13:37:20 ] [INFO] [main] [<module>: 6] => Start
[18.10.2022 13:37:23 ] [INFO] [view] [ls_menu: 43] => The user has selected item number 3
[18.10.2022 13:37:30 ] [INFO] [view] [ls_menu: 45] => User entered: english teacher
[18.10.2022 13:42:40 ] [INFO] [view] [ls_menu: 43] => The user has selected item number 3
[18.10.2022 13:42:48 ] [INFO] [view] [ls_menu: 45] => User entered: english teacher
[18.10.2022 13:42:52 ] [INFO] [view] [ls_menu: 141] => End
[18.10.2022 13:42:56 ] [INFO] [main] [<module>: 6] => Start
[18.10.2022 13:42:57 ] [INFO] [view] [ls_menu: 43] => The user has selected item number 3
[18.10.2022 13:43:04 ] [INFO] [view] [ls_menu: 45] => User entered: english teacher
[18.10.2022 13:43:48 ] [INFO] [view] [ls_menu: 54] => The user has selected item number 4
[18.10.2022 13:43:54 ] [INFO] [view] [ls_menu: 56] => User entered: 80000
[18.10.2022 13:44:14 ] [INFO] [view] [ls_menu: 54] => The user has selected item number 4
[18.10.2022 13:44:17 ] [INFO] [view] [ls_menu: 56] => User entered: 120000
[18.10.2022 13:44:55 ] [INFO] [view] [ls_menu: 54] => The user has selected item number 4
[18.10.2022 13:44:57 ] [INFO] [view] [ls_menu: 56] => User entered: 40000
[18.10.2022 13:46:57 ] [INFO] [view] [ls_menu: 146] => End
[18.10.2022 13:47:36 ] [INFO] [main] [<module>: 6] => Start
[18.10.2022 13:47:40 ] [INFO] [view] [ls_menu: 54] => The user has selected item number 4
[18.10.2022 13:47:43 ] [INFO] [view] [ls_menu: 56] => User entered: 50000
[18.10.2022 13:49:37 ] [INFO] [view] [ls_menu: 54] => The user has selected item number 4
[18.10.2022 13:49:41 ] [INFO] [view] [ls_menu: 56] => User entered: 200000
[18.10.2022 13:49:53 ] [INFO] [view] [ls_menu: 146] => End
[18.10.2022 13:50:24 ] [INFO] [main] [<module>: 6] => Start
[18.10.2022 13:50:26 ] [INFO] [view] [ls_menu: 54] => The user has selected item number 4
[18.10.2022 13:50:29 ] [INFO] [view] [ls_menu: 56] => User entered: 200000
[18.10.2022 13:51:36 ] [INFO] [view] [ls_menu: 146] => End
[18.10.2022 13:52:19 ] [INFO] [main] [<module>: 6] => Start
[18.10.2022 13:52:20 ] [INFO] [view] [ls_menu: 54] => The user has selected item number 4
[18.10.2022 13:52:26 ] [INFO] [view] [ls_menu: 56] => User entered: 200000
[18.10.2022 13:52:37 ] [INFO] [view] [ls_menu: 146] => End
[18.10.2022 13:52:52 ] [INFO] [main] [<module>: 6] => Start
[18.10.2022 13:52:54 ] [INFO] [view] [ls_menu: 54] => The user has selected item number 4
[18.10.2022 13:53:00 ] [INFO] [view] [ls_menu: 56] => User entered: 200000
[18.10.2022 13:53:04 ] [INFO] [view] [ls_menu: 54] => The user has selected item number 4
[18.10.2022 13:53:08 ] [INFO] [view] [ls_menu: 56] => User entered: 120000
[18.10.2022 13:53:20 ] [INFO] [view] [ls_menu: 146] => End
[18.10.2022 13:54:45 ] [INFO] [main] [<module>: 6] => Start
[18.10.2022 13:54:46 ] [INFO] [view] [ls_menu: 54] => The user has selected item number 4
[18.10.2022 13:54:55 ] [INFO] [view] [ls_menu: 56] => User entered: 20000
[18.10.2022 13:55:00 ] [INFO] [view] [ls_menu: 54] => The user has selected item number 4
[18.10.2022 13:55:05 ] [INFO] [view] [ls_menu: 56] => User entered: 140000
[18.10.2022 13:55:18 ] [INFO] [view] [ls_menu: 65] => The user has selected item number 5
[18.10.2022 13:55:30 ] [INFO] [view] [ls_menu: 67] => User entered: Nikita
[18.10.2022 13:55:36 ] [INFO] [view] [ls_menu: 69] => User entered: Nikitin
[18.10.2022 13:55:50 ] [INFO] [view] [ls_menu: 71] => User entered: 89993322332
[18.10.2022 13:56:23 ] [INFO] [view] [ls_menu: 73] => User entered: nikitin92@yandex.ru
[18.10.2022 13:56:30 ] [INFO] [view] [ls_menu: 75] => User entered: 100000
[18.10.2022 13:56:42 ] [INFO] [view] [ls_menu: 77] => User entered: methodist
[18.10.2022 13:56:45 ] [INFO] [view] [ls_menu: 22] => The user has selected item number 1
[18.10.2022 13:57:02 ] [INFO] [view] [ls_menu: 81] => The user has selected item number 6
[18.10.2022 13:57:09 ] [INFO] [view] [ls_menu: 87] => The user has selected item number 6.1
[18.10.2022 13:57:14 ] [INFO] [view] [ls_menu: 89] => User entered: Nikitin
[18.10.2022 13:57:22 ] [INFO] [view] [ls_menu: 93] => User entered: 26
[18.10.2022 13:57:36 ] [INFO] [view] [ls_menu: 95] => User entered: german teacher
[18.10.2022 13:57:41 ] [INFO] [view] [ls_menu: 98] => User entered: 120000
[18.10.2022 13:58:01 ] [INFO] [view] [ls_menu: 81] => The user has selected item number 6
[18.10.2022 13:58:06 ] [INFO] [view] [ls_menu: 102] => The user has selected item number 6.2
[18.10.2022 13:58:18 ] [INFO] [view] [ls_menu: 104] => User entered: german teacher
[18.10.2022 13:58:23 ] [INFO] [view] [ls_menu: 108] => User entered: 26
[18.10.2022 13:58:28 ] [INFO] [view] [ls_menu: 110] => User entered: methodist
[18.10.2022 13:58:34 ] [INFO] [view] [ls_menu: 113] => User entered: 100000
[18.10.2022 13:58:44 ] [INFO] [view] [ls_menu: 151] => End
[18.10.2022 14:01:53 ] [INFO] [main] [<module>: 6] => Start
[18.10.2022 14:01:57 ] [INFO] [view] [ls_menu: 81] => The user has selected item number 6
[18.10.2022 14:01:59 ] [INFO] [view] [ls_menu: 87] => The user has selected item number 6.1
[18.10.2022 14:02:03 ] [INFO] [view] [ls_menu: 89] => User entered: Nikitin
[18.10.2022 14:02:10 ] [INFO] [view] [ls_menu: 97] => User entered: 26
[18.10.2022 14:02:24 ] [INFO] [view] [ls_menu: 99] => User entered: english teacher
[18.10.2022 14:02:30 ] [INFO] [view] [ls_menu: 102] => User entered: 150000
[18.10.2022 14:02:33 ] [INFO] [view] [ls_menu: 22] => The user has selected item number 1
[18.10.2022 14:02:39 ] [INFO] [view] [ls_menu: 81] => The user has selected item number 6
[18.10.2022 14:02:41 ] [INFO] [view] [ls_menu: 106] => The user has selected item number 6.2
[18.10.2022 14:02:48 ] [INFO] [view] [ls_menu: 108] => User entered: english teacher
[18.10.2022 14:02:53 ] [INFO] [view] [ls_menu: 116] => User entered: 26
[18.10.2022 14:02:58 ] [INFO] [view] [ls_menu: 118] => User entered: methodist
[18.10.2022 14:03:03 ] [INFO] [view] [ls_menu: 121] => User entered: 100000
[18.10.2022 14:03:06 ] [INFO] [view] [ls_menu: 22] => The user has selected item number 1
[18.10.2022 14:03:17 ] [INFO] [view] [ls_menu: 130] => The user has selected item number 7
[18.10.2022 14:03:21 ] [INFO] [view] [ls_menu: 136] => The user has selected item number 7.1
[18.10.2022 14:03:26 ] [INFO] [view] [ls_menu: 138] => User entered: Nikitin
[18.10.2022 14:03:34 ] [INFO] [view] [ls_menu: 141] => User entered: 26
[18.10.2022 14:03:41 ] [INFO] [view] [ls_menu: 65] => The user has selected item number 5
[18.10.2022 14:03:46 ] [INFO] [view] [ls_menu: 67] => User entered: Nikita
[18.10.2022 14:03:50 ] [INFO] [view] [ls_menu: 69] => User entered: Nikitin
[18.10.2022 14:04:16 ] [INFO] [view] [ls_menu: 71] => User entered: 899993322332
[18.10.2022 14:04:31 ] [INFO] [view] [ls_menu: 73] => User entered: nikitin92@yandex.ru
[18.10.2022 14:04:36 ] [INFO] [view] [ls_menu: 75] => User entered: 100000
[18.10.2022 14:04:43 ] [INFO] [view] [ls_menu: 77] => User entered: methodist
[18.10.2022 14:04:45 ] [INFO] [view] [ls_menu: 22] => The user has selected item number 1
[18.10.2022 14:05:02 ] [INFO] [view] [ls_menu: 159] => End
[18.10.2022 14:06:53 ] [INFO] [main] [<module>: 6] => Start
[18.10.2022 14:06:55 ] [INFO] [view] [ls_menu: 130] => The user has selected item number 7
[18.10.2022 14:06:58 ] [INFO] [view] [ls_menu: 150] => The user has selected item number 7.2
[18.10.2022 14:07:04 ] [INFO] [view] [ls_menu: 152] => User entered: methodist
[18.10.2022 14:07:09 ] [INFO] [view] [ls_menu: 160] => User entered: 0
[18.10.2022 14:07:15 ] [INFO] [view] [ls_menu: 130] => The user has selected item number 7
[18.10.2022 14:07:17 ] [INFO] [view] [ls_menu: 150] => The user has selected item number 7.2
[18.10.2022 14:07:23 ] [INFO] [view] [ls_menu: 152] => User entered: methodist
[18.10.2022 14:07:26 ] [INFO] [view] [ls_menu: 160] => User entered: 0
[18.10.2022 14:07:29 ] [INFO] [view] [ls_menu: 130] => The user has selected item number 7
[18.10.2022 14:07:31 ] [INFO] [view] [ls_menu: 136] => The user has selected item number 7.1
[18.10.2022 14:07:34 ] [INFO] [view] [ls_menu: 138] => User entered: Nikitin
[18.10.2022 14:07:40 ] [INFO] [view] [ls_menu: 146] => User entered: 0
[18.10.2022 14:07:51 ] [INFO] [view] [ls_menu: 169] => End
[18.10.2022 14:08:17 ] [INFO] [main] [<module>: 6] => Start
[18.10.2022 14:08:20 ] [INFO] [view] [ls_menu: 130] => The user has selected item number 7
[18.10.2022 14:08:24 ] [WARNING] [view] [ñheck_number: 181] => User entered an invalid menu value: methodist
[18.10.2022 14:08:28 ] [INFO] [view] [ls_menu: 150] => The user has selected item number 7.2
[18.10.2022 14:08:32 ] [INFO] [view] [ls_menu: 152] => User entered: methodist
[18.10.2022 14:08:38 ] [INFO] [view] [ls_menu: 160] => User entered: 0
[18.10.2022 14:08:49 ] [INFO] [view] [ls_menu: 169] => End
